[debug] [2020-12-11T15:04:07.457Z] ----------------------------------------------------------------------
[debug] [2020-12-11T15:04:07.463Z] Command:       C:\Program Files\nodejs\node.exe C:\Users\irupe\AppData\Roaming\npm\node_modules\firebase-tools\lib\bin\firebase.js deploy
[debug] [2020-12-11T15:04:07.468Z] CLI Version:   8.17.0
[debug] [2020-12-11T15:04:07.468Z] Platform:      win32
[debug] [2020-12-11T15:04:07.468Z] Node Version:  v12.16.1
[debug] [2020-12-11T15:04:07.478Z] Time:          Fri Dec 11 2020 15:04:07 GMT+0000 (Greenwich Mean Time)
[debug] [2020-12-11T15:04:07.479Z] ----------------------------------------------------------------------
[debug] [2020-12-11T15:04:07.479Z] 
[debug] [2020-12-11T15:04:07.493Z] > command requires scopes: ["email","openid","https://www.googleapis.com/auth/cloudplatformprojects.readonly","https://www.googleapis.com/auth/firebase","https://www.googleapis.com/auth/cloud-platform"]
[debug] [2020-12-11T15:04:07.495Z] > authorizing via signed-in user
[debug] [2020-12-11T15:04:07.495Z] [iam] checking project hikingapp-af497 for permissions ["cloudfunctions.functions.create","cloudfunctions.functions.delete","cloudfunctions.functions.get","cloudfunctions.functions.list","cloudfunctions.functions.update","cloudfunctions.operations.get","firebase.projects.get","firebasehosting.sites.update","firebaserules.releases.create","firebaserules.releases.update","firebaserules.rulesets.create"]
[debug] [2020-12-11T15:04:07.499Z] > refreshing access token with scopes: ["email","https://www.googleapis.com/auth/cloud-platform","https://www.googleapis.com/auth/cloudplatformprojects.readonly","https://www.googleapis.com/auth/firebase","openid"]
[debug] [2020-12-11T15:04:07.499Z] >>> HTTP REQUEST POST https://www.googleapis.com/oauth2/v3/token  
 <request body omitted>
[debug] [2020-12-11T15:04:07.733Z] <<< HTTP RESPONSE 200 {"date":"Fri, 11 Dec 2020 15:04:08 GMT","cache-control":"no-cache, no-store, max-age=0, must-revalidate","expires":"Mon, 01 Jan 1990 00:00:00 GMT","pragma":"no-cache","content-type":"application/json; charset=utf-8","vary":"X-Origin, Referer, Origin,Accept-Encoding","server":"scaffolding on HTTPServer2","x-xss-protection":"0","x-frame-options":"SAMEORIGIN","x-content-type-options":"nosniff","alt-svc":"h3-29=\":443\"; ma=2592000,h3-T051=\":443\"; ma=2592000,h3-Q050=\":443\"; ma=2592000,h3-Q046=\":443\"; ma=2592000,h3-Q043=\":443\"; ma=2592000,quic=\":443\"; ma=2592000; v=\"46,43\"","accept-ranges":"none","transfer-encoding":"chunked"}
[debug] [2020-12-11T15:04:07.750Z] >>> HTTP REQUEST POST https://cloudresourcemanager.googleapis.com/v1/projects/hikingapp-af497:testIamPermissions  
 {"permissions":["cloudfunctions.functions.create","cloudfunctions.functions.delete","cloudfunctions.functions.get","cloudfunctions.functions.list","cloudfunctions.functions.update","cloudfunctions.operations.get","firebase.projects.get","firebasehosting.sites.update","firebaserules.releases.create","firebaserules.releases.update","firebaserules.rulesets.create"]}
[debug] [2020-12-11T15:04:08.407Z] <<< HTTP RESPONSE 200 {"content-type":"application/json; charset=UTF-8","vary":"X-Origin, Referer, Origin,Accept-Encoding","date":"Fri, 11 Dec 2020 15:04:09 GMT","server":"ESF","cache-control":"private","x-xss-protection":"0","x-frame-options":"SAMEORIGIN","x-content-type-options":"nosniff","server-timing":"gfet4t7; dur=554","alt-svc":"h3-29=\":443\"; ma=2592000,h3-T051=\":443\"; ma=2592000,h3-Q050=\":443\"; ma=2592000,h3-Q046=\":443\"; ma=2592000,h3-Q043=\":443\"; ma=2592000,quic=\":443\"; ma=2592000; v=\"46,43\"","accept-ranges":"none","transfer-encoding":"chunked"}
[debug] [2020-12-11T15:04:08.409Z] >>> HTTP REQUEST POST https://iam.googleapis.com/v1/projects/hikingapp-af497/serviceAccounts/hikingapp-af497@appspot.gserviceaccount.com:testIamPermissions  
 {"permissions":["iam.serviceAccounts.actAs"]}
[debug] [2020-12-11T15:04:09.088Z] <<< HTTP RESPONSE 200 {"content-type":"application/json; charset=UTF-8","vary":"X-Origin, Referer, Origin,Accept-Encoding","date":"Fri, 11 Dec 2020 15:04:09 GMT","server":"ESF","cache-control":"private","x-xss-protection":"0","x-frame-options":"SAMEORIGIN","x-content-type-options":"nosniff","alt-svc":"h3-29=\":443\"; ma=2592000,h3-T051=\":443\"; ma=2592000,h3-Q050=\":443\"; ma=2592000,h3-Q046=\":443\"; ma=2592000,h3-Q043=\":443\"; ma=2592000,quic=\":443\"; ma=2592000; v=\"46,43\"","accept-ranges":"none","transfer-encoding":"chunked"}
[debug] [2020-12-11T15:04:09.091Z] >>> HTTP REQUEST GET https://firebase.googleapis.com/v1beta1/projects/hikingapp-af497  
 
[debug] [2020-12-11T15:04:09.397Z] <<< HTTP RESPONSE 200 {"content-type":"application/json; charset=UTF-8","vary":"X-Origin, Referer, Origin,Accept-Encoding","date":"Fri, 11 Dec 2020 15:04:10 GMT","server":"ESF","cache-control":"private","x-xss-protection":"0","x-frame-options":"SAMEORIGIN","x-content-type-options":"nosniff","alt-svc":"h3-29=\":443\"; ma=2592000,h3-T051=\":443\"; ma=2592000,h3-Q050=\":443\"; ma=2592000,h3-Q046=\":443\"; ma=2592000,h3-Q043=\":443\"; ma=2592000,quic=\":443\"; ma=2592000; v=\"46,43\"","accept-ranges":"none","transfer-encoding":"chunked"}
[warn] !  functions: package.json indicates an outdated version of firebase-functions.
Please upgrade using npm install --save firebase-functions@latest in your functions directory. 
[info] 
[info] === Deploying to 'hikingapp-af497'...
[info] 
[info] i  deploying storage, functions, hosting 
[debug] [2020-12-11T15:04:20.079Z] >>> HTTP REQUEST GET https://appengine.googleapis.com/v1/apps/hikingapp-af497  
 
[debug] [2020-12-11T15:04:20.336Z] <<< HTTP RESPONSE 200 {"content-type":"application/json; charset=UTF-8","vary":"X-Origin, Referer, Origin,Accept-Encoding","date":"Fri, 11 Dec 2020 15:04:21 GMT","server":"ESF","cache-control":"private","x-xss-protection":"0","x-frame-options":"SAMEORIGIN","x-content-type-options":"nosniff","alt-svc":"h3-29=\":443\"; ma=2592000,h3-T051=\":443\"; ma=2592000,h3-Q050=\":443\"; ma=2592000,h3-Q046=\":443\"; ma=2592000,h3-Q043=\":443\"; ma=2592000,quic=\":443\"; ma=2592000; v=\"46,43\"","accept-ranges":"none","transfer-encoding":"chunked"}
[info] i  firebase.storage: checking storage.rules for compilation errors... 
[debug] [2020-12-11T15:04:20.339Z] >>> HTTP REQUEST POST https://firebaserules.googleapis.com/v1/projects/hikingapp-af497:test  
 {"source":{"files":[{"name":"storage.rules","content":"rules_version = '2';\nservice firebase.storage {\n  match /b/{bucket}/o {\n    match /{allPaths=**} {\n      allow read, write: if request.auth!=null;\n    }\n  }\n}\n"}]}}
[debug] [2020-12-11T15:04:21.223Z] <<< HTTP RESPONSE 200 {"content-type":"application/json; charset=UTF-8","vary":"X-Origin, Referer, Origin,Accept-Encoding","date":"Fri, 11 Dec 2020 15:04:22 GMT","server":"ESF","cache-control":"private","x-xss-protection":"0","x-frame-options":"SAMEORIGIN","x-content-type-options":"nosniff","alt-svc":"h3-29=\":443\"; ma=2592000,h3-T051=\":443\"; ma=2592000,h3-Q050=\":443\"; ma=2592000,h3-Q046=\":443\"; ma=2592000,h3-Q043=\":443\"; ma=2592000,quic=\":443\"; ma=2592000; v=\"46,43\"","accept-ranges":"none","transfer-encoding":"chunked"}
[info] +  firebase.storage: rules file storage.rules compiled successfully 
[debug] [2020-12-11T15:04:21.229Z] > [functions] package.json contents: {
  "name": "functions",
  "description": "Cloud Functions for Firebase",
  "scripts": {
    "serve": "firebase emulators:start --only functions",
    "shell": "firebase functions:shell",
    "start": "npm run shell",
    "deploy": "firebase deploy --only functions",
    "logs": "firebase functions:log"
  },
  "engines": {
    "node": "12"
  },
  "main": "index.js",
  "dependencies": {
    "cors": "^2.8.5",
    "firebase-admin": "^9.2.0",
    "firebase-functions": "^3.11.0",
    "nodemailer": "^6.4.16"
  },
  "devDependencies": {
    "firebase-functions-test": "^0.2.0"
  },
  "private": true
}
[info] i  functions: ensuring required API cloudfunctions.googleapis.com is enabled... 
[info] i  functions: ensuring required API cloudbuild.googleapis.com is enabled... 
[debug] [2020-12-11T15:04:25.678Z] >>> HTTP REQUEST GET https://serviceusage.googleapis.com/v1/projects/hikingapp-af497/services/cloudfunctions.googleapis.com  
 
[debug] [2020-12-11T15:04:25.680Z] >>> HTTP REQUEST GET https://serviceusage.googleapis.com/v1/projects/hikingapp-af497/services/runtimeconfig.googleapis.com  
 
[debug] [2020-12-11T15:04:25.682Z] >>> HTTP REQUEST GET https://serviceusage.googleapis.com/v1/projects/hikingapp-af497/services/cloudbuild.googleapis.com  
 
[debug] [2020-12-11T15:04:26.601Z] <<< HTTP RESPONSE 200 {"content-type":"application/json; charset=UTF-8","vary":"X-Origin, Referer, Origin,Accept-Encoding","date":"Fri, 11 Dec 2020 15:04:27 GMT","server":"ESF","cache-control":"private","x-xss-protection":"0","x-frame-options":"SAMEORIGIN","x-content-type-options":"nosniff","alt-svc":"h3-29=\":443\"; ma=2592000,h3-T051=\":443\"; ma=2592000,h3-Q050=\":443\"; ma=2592000,h3-Q046=\":443\"; ma=2592000,h3-Q043=\":443\"; ma=2592000,quic=\":443\"; ma=2592000; v=\"46,43\"","accept-ranges":"none","transfer-encoding":"chunked"}
[debug] [2020-12-11T15:04:26.612Z] <<< HTTP RESPONSE 200 {"content-type":"application/json; charset=UTF-8","vary":"X-Origin, Referer, Origin,Accept-Encoding","date":"Fri, 11 Dec 2020 15:04:27 GMT","server":"ESF","cache-control":"private","x-xss-protection":"0","x-frame-options":"SAMEORIGIN","x-content-type-options":"nosniff","alt-svc":"h3-29=\":443\"; ma=2592000,h3-T051=\":443\"; ma=2592000,h3-Q050=\":443\"; ma=2592000,h3-Q046=\":443\"; ma=2592000,h3-Q043=\":443\"; ma=2592000,quic=\":443\"; ma=2592000; v=\"46,43\"","accept-ranges":"none","transfer-encoding":"chunked"}
[info] +  functions: required API cloudbuild.googleapis.com is enabled 
[debug] [2020-12-11T15:04:26.640Z] <<< HTTP RESPONSE 200 {"content-type":"application/json; charset=UTF-8","vary":"X-Origin, Referer, Origin,Accept-Encoding","date":"Fri, 11 Dec 2020 15:04:27 GMT","server":"ESF","cache-control":"private","x-xss-protection":"0","x-frame-options":"SAMEORIGIN","x-content-type-options":"nosniff","alt-svc":"h3-29=\":443\"; ma=2592000,h3-T051=\":443\"; ma=2592000,h3-Q050=\":443\"; ma=2592000,h3-Q046=\":443\"; ma=2592000,h3-Q043=\":443\"; ma=2592000,quic=\":443\"; ma=2592000; v=\"46,43\"","accept-ranges":"none","transfer-encoding":"chunked"}
[info] +  functions: required API cloudfunctions.googleapis.com is enabled 
[debug] [2020-12-11T15:04:26.647Z] >>> HTTP REQUEST GET https://firebase.googleapis.com/v1beta1/projects/hikingapp-af497/adminSdkConfig  
 
[debug] [2020-12-11T15:04:27.055Z] <<< HTTP RESPONSE 200 {"content-type":"application/json; charset=UTF-8","vary":"X-Origin, Referer, Origin,Accept-Encoding","date":"Fri, 11 Dec 2020 15:04:27 GMT","server":"ESF","cache-control":"private","x-xss-protection":"0","x-frame-options":"SAMEORIGIN","x-content-type-options":"nosniff","alt-svc":"h3-29=\":443\"; ma=2592000,h3-T051=\":443\"; ma=2592000,h3-Q050=\":443\"; ma=2592000,h3-Q046=\":443\"; ma=2592000,h3-Q043=\":443\"; ma=2592000,quic=\":443\"; ma=2592000; v=\"46,43\"","accept-ranges":"none","transfer-encoding":"chunked"}
[debug] [2020-12-11T15:04:27.059Z] >>> HTTP REQUEST POST https://firebasehosting.googleapis.com/v1beta1/sites/hikingapp-af497/versions  
 {"config":{"rewrites":[{"glob":"**","path":"/index.html"}]},"labels":{"deployment-tool":"cli-firebase"}}
[debug] [2020-12-11T15:04:28.373Z] <<< HTTP RESPONSE 200 {"content-type":"application/json; charset=UTF-8","vary":"X-Origin, Referer, Origin,Accept-Encoding","date":"Fri, 11 Dec 2020 15:04:29 GMT","server":"ESF","cache-control":"private","x-xss-protection":"0","x-frame-options":"SAMEORIGIN","x-content-type-options":"nosniff","alt-svc":"h3-29=\":443\"; ma=2592000,h3-T051=\":443\"; ma=2592000,h3-Q050=\":443\"; ma=2592000,h3-Q046=\":443\"; ma=2592000,h3-Q043=\":443\"; ma=2592000,quic=\":443\"; ma=2592000; v=\"46,43\"","accept-ranges":"none","transfer-encoding":"chunked"}
[debug] [2020-12-11T15:04:28.378Z] >>> HTTP REQUEST GET https://firebaserules.googleapis.com/v1/projects/hikingapp-af497/releases?pageSize=10&pageToken=  
 
[debug] [2020-12-11T15:04:29.109Z] <<< HTTP RESPONSE 200 {"content-type":"application/json; charset=UTF-8","vary":"X-Origin, Referer, Origin,Accept-Encoding","date":"Fri, 11 Dec 2020 15:04:29 GMT","server":"ESF","cache-control":"private","x-xss-protection":"0","x-frame-options":"SAMEORIGIN","x-content-type-options":"nosniff","alt-svc":"h3-29=\":443\"; ma=2592000,h3-T051=\":443\"; ma=2592000,h3-Q050=\":443\"; ma=2592000,h3-Q046=\":443\"; ma=2592000,h3-Q043=\":443\"; ma=2592000,quic=\":443\"; ma=2592000; v=\"46,43\"","accept-ranges":"none","transfer-encoding":"chunked"}
[debug] [2020-12-11T15:04:29.112Z] >>> HTTP REQUEST GET https://firebaserules.googleapis.com/v1/projects/hikingapp-af497/rulesets/4455595c-28a7-441a-a217-534592de5f36  
 
[debug] [2020-12-11T15:04:29.826Z] <<< HTTP RESPONSE 200 {"content-type":"application/json; charset=UTF-8","vary":"X-Origin, Referer, Origin,Accept-Encoding","date":"Fri, 11 Dec 2020 15:04:30 GMT","server":"ESF","cache-control":"private","x-xss-protection":"0","x-frame-options":"SAMEORIGIN","x-content-type-options":"nosniff","alt-svc":"h3-29=\":443\"; ma=2592000,h3-T051=\":443\"; ma=2592000,h3-Q050=\":443\"; ma=2592000,h3-Q046=\":443\"; ma=2592000,h3-Q043=\":443\"; ma=2592000,quic=\":443\"; ma=2592000; v=\"46,43\"","accept-ranges":"none","transfer-encoding":"chunked"}
[info] i  storage: latest version of storage.rules already up to date, skipping upload... 
[info] i  functions: preparing functions directory for uploading... 
[debug] [2020-12-11T15:04:29.845Z] >>> HTTP REQUEST GET https://runtimeconfig.googleapis.com/v1beta1/projects/hikingapp-af497/configs  
 
[debug] [2020-12-11T15:04:30.546Z] <<< HTTP RESPONSE 200 {"content-type":"application/json; charset=UTF-8","vary":"X-Origin, Referer, Origin,Accept-Encoding","date":"Fri, 11 Dec 2020 15:04:31 GMT","server":"ESF","cache-control":"private","x-xss-protection":"0","x-frame-options":"SAMEORIGIN","x-content-type-options":"nosniff","alt-svc":"h3-29=\":443\"; ma=2592000,h3-T051=\":443\"; ma=2592000,h3-Q050=\":443\"; ma=2592000,h3-Q046=\":443\"; ma=2592000,h3-Q043=\":443\"; ma=2592000,quic=\":443\"; ma=2592000; v=\"46,43\"","accept-ranges":"none","transfer-encoding":"chunked"}
[info] i  functions: packaged functions (25.11 KB) for uploading 
[debug] [2020-12-11T15:04:31.340Z] >>> HTTP REQUEST GET https://cloudfunctions.googleapis.com/v1/projects/hikingapp-af497/locations/-/functions  
 
[debug] [2020-12-11T15:04:31.923Z] <<< HTTP RESPONSE 200 {"content-type":"application/json; charset=UTF-8","vary":"X-Origin, Referer, Origin,Accept-Encoding","date":"Fri, 11 Dec 2020 15:04:32 GMT","server":"ESF","cache-control":"private","x-xss-protection":"0","x-frame-options":"SAMEORIGIN","x-content-type-options":"nosniff","alt-svc":"h3-29=\":443\"; ma=2592000,h3-T051=\":443\"; ma=2592000,h3-Q050=\":443\"; ma=2592000,h3-Q046=\":443\"; ma=2592000,h3-Q043=\":443\"; ma=2592000,quic=\":443\"; ma=2592000; v=\"46,43\"","accept-ranges":"none","transfer-encoding":"chunked"}
[debug] [2020-12-11T15:04:31.926Z] >>> HTTP REQUEST POST https://cloudfunctions.googleapis.com/v1/projects/hikingapp-af497/locations/us-central1/functions:generateUploadUrl  
 
[debug] [2020-12-11T15:04:33.042Z] <<< HTTP RESPONSE 200 {"content-type":"application/json; charset=UTF-8","vary":"X-Origin, Referer, Origin,Accept-Encoding","date":"Fri, 11 Dec 2020 15:04:33 GMT","server":"ESF","cache-control":"private","x-xss-protection":"0","x-frame-options":"SAMEORIGIN","x-content-type-options":"nosniff","alt-svc":"h3-29=\":443\"; ma=2592000,h3-T051=\":443\"; ma=2592000,h3-Q050=\":443\"; ma=2592000,h3-Q046=\":443\"; ma=2592000,h3-Q043=\":443\"; ma=2592000,quic=\":443\"; ma=2592000; v=\"46,43\"","accept-ranges":"none","transfer-encoding":"chunked"}
[debug] [2020-12-11T15:04:33.046Z] >>> HTTP REQUEST PUT https://storage.googleapis.com/gcf-upload-us-central1-c7356c43-e3c1-448a-ac88-1b7f65042192/b3024847-3669-4cb4-bd69-dd9baaec8c38.zip?GoogleAccessId=service-512342864707@gcf-admin-robot.iam.gserviceaccount.com&Expires=1607700873&Signature=orSz9IfeKZFsgHKEKLsTAT2USZ078yCdX0KHll7RA%2BWkmNNcSLIcwAas5svRGgoS9ZEek1eQiHUg9dJECh%2FUovY%2BKTiDHP5utz3rGXv0gwlN6p2oOdR3EqRJdMKBc7RW80hmLpO9JzuOX4WgqRNog6y5bJsJY7Zj7b%2BQDA5n7WTenhmB%2FKGxF2jE1pcl3%2FNwKimd3B7boM1hQ%2BodX%2B4CKk5Yn2eb5G2lQMPQd6I3zwSMhClgTh3%2BZnrH4MqLjDFA6cKEEmuykTgMMgovkzK3TH6EC7G1gbvW895%2FdzxN7xMNmAFmGkNepm59xP%2B5u8eOyD9e83xsu80kLwJYM9ep8w%3D%3D  
 <request body omitted>
[debug] [2020-12-11T15:04:33.403Z] <<< HTTP RESPONSE 200 {"x-guploader-uploadid":"ABg5-UxMUYcm3p_QEGw1LWvOTB3hiu0ZWA-H3iIJEBzgTJw0Kk0p8B0L-FoKFhaVwBD_cPblRyJki3aphP7lbbL0Nq8","etag":"\"7d4081802b2a861e958cdb89f27b268f\"","x-goog-generation":"1607699074241504","x-goog-metageneration":"1","x-goog-hash":"crc32c=Rg/9Ug==, md5=fUCBgCsqhh6VjNuJ8nsmjw==","x-goog-stored-content-length":"25714","x-goog-stored-content-encoding":"identity","vary":"Origin","content-length":"0","date":"Fri, 11 Dec 2020 15:04:34 GMT","server":"UploadServer","content-type":"text/html; charset=UTF-8","alt-svc":"h3-29=\":443\"; ma=2592000,h3-T051=\":443\"; ma=2592000,h3-Q050=\":443\"; ma=2592000,h3-Q046=\":443\"; ma=2592000,h3-Q043=\":443\"; ma=2592000,quic=\":443\"; ma=2592000; v=\"46,43\""}
[info] +  functions: functions folder uploaded successfully 
[info] i  hosting[hikingapp-af497]: beginning deploy... 
[info] i  hosting[hikingapp-af497]: found 41 files in build 
[debug] [2020-12-11T15:04:35.552Z] > refreshing access token with scopes: []
[debug] [2020-12-11T15:04:35.553Z] >>> HTTP REQUEST POST https://www.googleapis.com/oauth2/v3/token  
 <request body omitted>
[debug] [2020-12-11T15:04:35.563Z] [hosting] hash cache [YnVpbGQ] stored for 41 files
[debug] [2020-12-11T15:04:35.566Z] [hosting][hash queue][FINAL] {"max":2027,"min":11,"avg":71.78048780487805,"active":0,"complete":41,"success":41,"errored":0,"retried":0,"total":41,"elapsed":2083}
[debug] [2020-12-11T15:04:35.693Z] <<< HTTP RESPONSE 200 {"pragma":"no-cache","date":"Fri, 11 Dec 2020 15:04:36 GMT","cache-control":"no-cache, no-store, max-age=0, must-revalidate","expires":"Mon, 01 Jan 1990 00:00:00 GMT","content-type":"application/json; charset=utf-8","vary":"X-Origin, Referer, Origin,Accept-Encoding","server":"scaffolding on HTTPServer2","x-xss-protection":"0","x-frame-options":"SAMEORIGIN","x-content-type-options":"nosniff","alt-svc":"h3-29=\":443\"; ma=2592000,h3-T051=\":443\"; ma=2592000,h3-Q050=\":443\"; ma=2592000,h3-Q046=\":443\"; ma=2592000,h3-Q043=\":443\"; ma=2592000,quic=\":443\"; ma=2592000; v=\"46,43\"","accept-ranges":"none","transfer-encoding":"chunked"}
[debug] [2020-12-11T15:04:35.701Z] >>> [apiv2][query] POST https://firebasehosting.googleapis.com/v1beta1/sites/hikingapp-af497/versions/96c7cf32f1ef72c9:populateFiles [none]
[debug] [2020-12-11T15:04:35.702Z] >>> [apiv2][body] POST https://firebasehosting.googleapis.com/v1beta1/sites/hikingapp-af497/versions/96c7cf32f1ef72c9:populateFiles {"files":{"/apple-touch-icon-114x114.png":"1c52a92044bddffaa02508a0a502c686dedcaaaf03b9591877408dcfc72d3634","/apple-touch-icon-120×120.png":"c9b838fc1ae797b3bd738d83b2154e5746b7f629bcb389714e6529d48de23abd","/apple-touch-icon-128x128.png":"b586f9f3e5f25b5161acf80e4635a2e6f00345df766e6f5b259e12ed9bd65507","/apple-touch-icon-144x144.png":"01c657f7b6caff4785e628cfef0d7ab3582fed8b271b6af027c7e8851dea7b66","/apple-touch-icon-152×152.png":"1bc192237f8760e61f89cd3f1221ba477c40c7a3ebc81989eda084044a540c4b","/apple-touch-icon-180×180.png":"7b7f02e9eb1b93805d0c08547b0b60d7be49e6c52b0752179791a910ed03ffaa","/apple-touch-icon-192×192.png":"e305233ad48b795b4b4d6c5d5be229b1bda3b58bbdd4ed91f4e07698c4ee6c6b","/apple-touch-icon-512×512.png":"6dcf6b7c92faecd2c04232ea00c9392125bc7dc515ed40025daa7557a5c6bc72","/apple-touch-icon-57x57.png":"1f775ee7c595ad47743016e297f3745bbb4f9509f8ed6d71fbced09c3a38a36c","/apple-touch-icon-60×60.png":"ef8822ca0b8a93af87d36fffdd94d4996fedecd61d65b64b5cd37e4e8f337036","/apple-touch-icon-72x72.png":"049ee72bf99827b8b23ea69e76b3de0cc23a894c5b2329255979908f2b66aa85","/apple-touch-icon-76×76.png":"c6f5cf37f42445791f6edcd2ba2b410939f78207322e1696822c36a28a1b64b3","/bootprint_left.png":"783d048a8596244aa0f2c461670259978930da3dc30991f8ea9f523317f2d038","/bootprint_right.png":"236339cb48a4e23b11c4710de7e6bba65be3ed97ff91cd06e0471c710ccc7740","/bootprint_right_half.png":"abb1caa93954d8fa2d05e9cc32be20b126929d18ce73f3bd34e5906317baa536","/bootprint_right_half_back.png":"63f4cef2d5e6ac4c7f6fb03984e45dd92fac632d4588834ff6ce5da22d6fb419","/boots-on-logo.jpg":"e92a11b4cd021a6902c0988f43bc760e28f2eeeec836df3da880aaee53ad7ddd","/bootson.jpg":"e92a11b4cd021a6902c0988f43bc760e28f2eeeec836df3da880aaee53ad7ddd","/favicon.ico":"049ee72bf99827b8b23ea69e76b3de0cc23a894c5b2329255979908f2b66aa85","/Image_placeholder_1920_650.jpg":"23e8da4fce5f14257dd9324c208f44aa6b3b44533254c31cc421ef9accac7207","/Image_placeholder_1920_650_old.jpg":"a356707fa2c8d507f5488f94c1a4f55a624831d21512fd743298372adf77da39","/Image_placeholder_1920_650_oldold.jpg":"0aa90d25546a4a2176fa9bb73564871edd734869e7cec11527f670fbe6a56e79","/manifest.json":"8ffaa9a6d0428c2acf593fdda5a818995dbaae1d406e98b7afeda287c21a53e1","/nav-logo.png":"691f05fd91aa19fbd443925aa374fd72c0c71db7b46d1fed456466aa0fa86544","/nav-logo_2.png":"c6709fbdcc6e7a431041812dadde1126b3df5abf0ae0bc0165d153d439df7084","/robots.txt":"bfe106a3fb878dc83461c86818bf74fc1bdc7f28538ba613cd3e775516ce8b49","/userImage.png":"3d7fa559731e76aef9757f8895c125f2a86549cc3ed6080fab585622ef291925","/userImage_small.png":"66dc033d676ea1a5adc24661902dda6f5d6a3ddc922a6b25467e9e5c8d77262e","/asset-manifest.json":"62f87cc90f341c2c3a7f2c4ae7e53bbd7550a2427958e6c7797b6ba96b0baa8d","/index.html":"93eb1378a3f11d1813afe6f2facb3923e954dd96659ea4f3c54a01ebca83d73d","/static/css/2.66f02788.chunk.css":"2e991db8730da61dd03a1971547476f83d9cc63ccaaeba96a8f9940825f60bfa","/static/css/2.66f02788.chunk.css.map":"4f9a19e8467328c209faf0617809c77f0d520e5808d1ec9b2b98deceab2dbe24","/static/css/main.50f50ec2.chunk.css":"a0e8d29257ef7369fbd05046b881d9b0587265aa3be3b2c12da0a44c16a42ff1","/static/js/2.9a3c3c6f.chunk.js.LICENSE.txt":"68ce5dd9544030a359bbc83559f6a819826df14f4977c99c892516966c481ff4","/static/css/main.50f50ec2.chunk.css.map":"4f8d8d233c83fa4f3a06dd5cbc14167aaac365dc0cb1c9f456a2db86ad1c5224","/static/js/runtime-main.0fb7070b.js":"bf9697183bb2e06db3f97b0b330d421f2b5f688854c587359befe364699d69ce","/static/js/runtime-main.0fb7070b.js.map":"dae09fb910188384814c4484013031afb71ee540ed8888a81df8d68a9ab097fb","/static/js/main.2d89a632.chunk.js":"445c0de6c170b521b70c19464414e3a0222937826472fdcd23d1497ab6a21e84","/static/js/main.2d89a632.chunk.js.map":"5de828a48e6d41270bc0f1f77776ba7ad078d6339c48806deddd7dfb18e609c4","/static/js/2.9a3c3c6f.chunk.js":"ba380988d40f0502f29e5ce3deebcccd69f3bd1397babe141314fb945faba8d6","/static/js/2.9a3c3c6f.chunk.js.map":"66b161d607f4f73a786ed5e5005f198f042190a181481a439f3ff41570f30f68"}}
[debug] [2020-12-11T15:04:36.727Z] <<< [apiv2][status] POST https://firebasehosting.googleapis.com/v1beta1/sites/hikingapp-af497/versions/96c7cf32f1ef72c9:populateFiles 200
[debug] [2020-12-11T15:04:36.728Z] <<< [apiv2][body] POST https://firebasehosting.googleapis.com/v1beta1/sites/hikingapp-af497/versions/96c7cf32f1ef72c9:populateFiles {"uploadRequiredHashes":["62f87cc90f341c2c3a7f2c4ae7e53bbd7550a2427958e6c7797b6ba96b0baa8d","445c0de6c170b521b70c19464414e3a0222937826472fdcd23d1497ab6a21e84","5de828a48e6d41270bc0f1f77776ba7ad078d6339c48806deddd7dfb18e609c4","ba380988d40f0502f29e5ce3deebcccd69f3bd1397babe141314fb945faba8d6","93eb1378a3f11d1813afe6f2facb3923e954dd96659ea4f3c54a01ebca83d73d","66b161d607f4f73a786ed5e5005f198f042190a181481a439f3ff41570f30f68"],"uploadUrl":"https://upload-firebasehosting.googleapis.com/upload/sites/hikingapp-af497/versions/96c7cf32f1ef72c9/files"}
[debug] [2020-12-11T15:04:36.730Z] >>> [apiv2][query] POST https://upload-firebasehosting.googleapis.com/upload/sites/hikingapp-af497/versions/96c7cf32f1ef72c9/files/62f87cc90f341c2c3a7f2c4ae7e53bbd7550a2427958e6c7797b6ba96b0baa8d [none]
[debug] [2020-12-11T15:04:36.730Z] >>> [apiv2][body] POST https://upload-firebasehosting.googleapis.com/upload/sites/hikingapp-af497/versions/96c7cf32f1ef72c9/files/62f87cc90f341c2c3a7f2c4ae7e53bbd7550a2427958e6c7797b6ba96b0baa8d [stream]
[debug] [2020-12-11T15:04:36.732Z] >>> [apiv2][query] POST https://upload-firebasehosting.googleapis.com/upload/sites/hikingapp-af497/versions/96c7cf32f1ef72c9/files/445c0de6c170b521b70c19464414e3a0222937826472fdcd23d1497ab6a21e84 [none]
[debug] [2020-12-11T15:04:36.732Z] >>> [apiv2][body] POST https://upload-firebasehosting.googleapis.com/upload/sites/hikingapp-af497/versions/96c7cf32f1ef72c9/files/445c0de6c170b521b70c19464414e3a0222937826472fdcd23d1497ab6a21e84 [stream]
[debug] [2020-12-11T15:04:36.733Z] >>> [apiv2][query] POST https://upload-firebasehosting.googleapis.com/upload/sites/hikingapp-af497/versions/96c7cf32f1ef72c9/files/5de828a48e6d41270bc0f1f77776ba7ad078d6339c48806deddd7dfb18e609c4 [none]
[debug] [2020-12-11T15:04:36.733Z] >>> [apiv2][body] POST https://upload-firebasehosting.googleapis.com/upload/sites/hikingapp-af497/versions/96c7cf32f1ef72c9/files/5de828a48e6d41270bc0f1f77776ba7ad078d6339c48806deddd7dfb18e609c4 [stream]
[debug] [2020-12-11T15:04:36.734Z] >>> [apiv2][query] POST https://upload-firebasehosting.googleapis.com/upload/sites/hikingapp-af497/versions/96c7cf32f1ef72c9/files/ba380988d40f0502f29e5ce3deebcccd69f3bd1397babe141314fb945faba8d6 [none]
[debug] [2020-12-11T15:04:36.734Z] >>> [apiv2][body] POST https://upload-firebasehosting.googleapis.com/upload/sites/hikingapp-af497/versions/96c7cf32f1ef72c9/files/ba380988d40f0502f29e5ce3deebcccd69f3bd1397babe141314fb945faba8d6 [stream]
[debug] [2020-12-11T15:04:36.734Z] >>> [apiv2][query] POST https://upload-firebasehosting.googleapis.com/upload/sites/hikingapp-af497/versions/96c7cf32f1ef72c9/files/93eb1378a3f11d1813afe6f2facb3923e954dd96659ea4f3c54a01ebca83d73d [none]
[debug] [2020-12-11T15:04:36.735Z] >>> [apiv2][body] POST https://upload-firebasehosting.googleapis.com/upload/sites/hikingapp-af497/versions/96c7cf32f1ef72c9/files/93eb1378a3f11d1813afe6f2facb3923e954dd96659ea4f3c54a01ebca83d73d [stream]
[debug] [2020-12-11T15:04:36.735Z] >>> [apiv2][query] POST https://upload-firebasehosting.googleapis.com/upload/sites/hikingapp-af497/versions/96c7cf32f1ef72c9/files/66b161d607f4f73a786ed5e5005f198f042190a181481a439f3ff41570f30f68 [none]
[debug] [2020-12-11T15:04:36.735Z] >>> [apiv2][body] POST https://upload-firebasehosting.googleapis.com/upload/sites/hikingapp-af497/versions/96c7cf32f1ef72c9/files/66b161d607f4f73a786ed5e5005f198f042190a181481a439f3ff41570f30f68 [stream]
[debug] [2020-12-11T15:04:36.740Z] [hosting][populate queue][FINAL] {"max":1179,"min":1179,"avg":1179,"active":0,"complete":1,"success":1,"errored":0,"retried":0,"total":1,"elapsed":1189}
[debug] [2020-12-11T15:04:36.740Z] [hosting] uploads queued: 6
[debug] [2020-12-11T15:04:38.912Z] <<< [apiv2][status] POST https://upload-firebasehosting.googleapis.com/upload/sites/hikingapp-af497/versions/96c7cf32f1ef72c9/files/93eb1378a3f11d1813afe6f2facb3923e954dd96659ea4f3c54a01ebca83d73d 200
[debug] [2020-12-11T15:04:38.912Z] <<< [apiv2][body] POST https://upload-firebasehosting.googleapis.com/upload/sites/hikingapp-af497/versions/96c7cf32f1ef72c9/files/93eb1378a3f11d1813afe6f2facb3923e954dd96659ea4f3c54a01ebca83d73d [stream]
[debug] [2020-12-11T15:04:38.913Z] <<< [apiv2][status] POST https://upload-firebasehosting.googleapis.com/upload/sites/hikingapp-af497/versions/96c7cf32f1ef72c9/files/62f87cc90f341c2c3a7f2c4ae7e53bbd7550a2427958e6c7797b6ba96b0baa8d 200
[debug] [2020-12-11T15:04:38.914Z] <<< [apiv2][body] POST https://upload-firebasehosting.googleapis.com/upload/sites/hikingapp-af497/versions/96c7cf32f1ef72c9/files/62f87cc90f341c2c3a7f2c4ae7e53bbd7550a2427958e6c7797b6ba96b0baa8d [stream]
[debug] [2020-12-11T15:04:38.916Z] <<< [apiv2][status] POST https://upload-firebasehosting.googleapis.com/upload/sites/hikingapp-af497/versions/96c7cf32f1ef72c9/files/5de828a48e6d41270bc0f1f77776ba7ad078d6339c48806deddd7dfb18e609c4 200
[debug] [2020-12-11T15:04:38.916Z] <<< [apiv2][body] POST https://upload-firebasehosting.googleapis.com/upload/sites/hikingapp-af497/versions/96c7cf32f1ef72c9/files/5de828a48e6d41270bc0f1f77776ba7ad078d6339c48806deddd7dfb18e609c4 [stream]
